
/home/runner/work/exp-ordinary-least-squares-iitb/exp-ordinary-least-squares-iitb/experiment/simulation/common_libraries/js/ts_components/collapse_step.js
   1:10  warning  'show_step' is defined but never used                 no-unused-vars
   2:5   warning  '$' is not defined                                    no-undef
   3:9   warning  '$' is not defined                                    no-undef
   6:10  warning  'hide_step' is defined but never used                 no-unused-vars
   7:5   warning  '$' is not defined                                    no-undef
   8:9   warning  '$' is not defined                                    no-undef
  11:10  warning  'get_collapse_btn_text' is defined but never used     no-unused-vars
  20:10  warning  'get_collapse_btn_element' is defined but never used  no-unused-vars
  29:10  warning  'hide_all_steps' is defined but never used            no-unused-vars
  31:9   warning  '$' is not defined                                    no-undef

/home/runner/work/exp-ordinary-least-squares-iitb/exp-ordinary-least-squares-iitb/experiment/simulation/common_libraries/js/ts_components/matrix.js
   27:26  warning  'MathJax' is not defined                                no-undef
   32:7   warning  'Matrix_Without_String' is defined but never used       no-unused-vars
   52:26  warning  'MathJax' is not defined                                no-undef
   56:10  warning  'get_matrix_html' is defined but never used             no-unused-vars
   87:13  warning  'row_html' is assigned a value but never used           no-unused-vars
   99:10  warning  'get_matrix_html_with_title' is defined but never used  no-unused-vars
  131:13  warning  'row_html' is assigned a value but never used           no-unused-vars
  143:10  warning  'convert_2d_to_1d_vector' is defined but never used     no-unused-vars
  156:10  warning  'convert_1d_to_2d_matrix' is defined but never used     no-unused-vars

/home/runner/work/exp-ordinary-least-squares-iitb/exp-ordinary-least-squares-iitb/experiment/simulation/common_libraries/js/ts_components/pannel.js
  8:7  warning  'Pannel' is defined but never used  no-unused-vars

/home/runner/work/exp-ordinary-least-squares-iitb/exp-ordinary-least-squares-iitb/experiment/simulation/common_libraries/js/ts_components/questions.js
   6:17  warning  'op1' is assigned a value but never used      no-unused-vars
   7:17  warning  'op2' is assigned a value but never used      no-unused-vars
   8:17  warning  'op3' is assigned a value but never used      no-unused-vars
   9:17  warning  'op4' is assigned a value but never used      no-unused-vars
  94:7   warning  'Question_Options' is defined but never used  no-unused-vars

/home/runner/work/exp-ordinary-least-squares-iitb/exp-ordinary-least-squares-iitb/experiment/simulation/common_libraries/js/ts_components/tables.js
   19:22  warning  'verify_values' is not defined                                     no-undef
  137:22  warning  'verify_values' is not defined                                     no-undef
  260:7   warning  'Verify_Rows_Cols_6_decimal_places' is defined but never used      no-unused-vars
  311:22  warning  'verify_values' is not defined                                     no-undef
  416:7   warning  'Verify_Rows_Cols_Custom_Fixed_Update1' is defined but never used  no-unused-vars
  468:7   warning  'Show_Table_Custom_Fixed' is defined but never used                no-unused-vars
  506:7   warning  'Verify_Rows_Cols_Strings' is defined but never used               no-unused-vars
  527:22  warning  'verify_values' is not defined                                     no-undef
  663:7   warning  'Display_Table' is defined but never used                          no-unused-vars

/home/runner/work/exp-ordinary-least-squares-iitb/exp-ordinary-least-squares-iitb/experiment/simulation/common_libraries/js/ts_math_library/general_math_functions.js
    1:10  warning  'verify_values' is defined but never used                   no-unused-vars
   17:10  warning  'random1' is defined but never used                         no-unused-vars
   21:10  warning  'std_deviation' is defined but never used                   no-unused-vars
   26:10  warning  'gauss' is defined but never used                           no-unused-vars
   56:10  warning  'hide_panel' is defined but never used                      no-unused-vars
   63:10  warning  'inverse_matrix' is defined but never used                  no-unused-vars
   96:10  warning  'matrix_multiplication' is defined but never used           no-unused-vars
  113:10  warning  'transpose_matrix' is defined but never used                no-unused-vars
  123:10  warning  'matrix_multiplication_8decimal' is defined but never used  no-unused-vars
  140:10  warning  'adjoint_2x2_matrix' is defined but never used              no-unused-vars
  145:10  warning  'find_deteminant' is defined but never used                 no-unused-vars
  174:10  warning  'get_Submatrix' is defined but never used                   no-unused-vars

/home/runner/work/exp-ordinary-least-squares-iitb/exp-ordinary-least-squares-iitb/experiment/simulation/common_libraries/js/ts_math_library/regression.js
   1:10  warning  'regression_linear' is defined but never used            no-unused-vars
  18:10  warning  'regression_linear_1variable' is defined but never used  no-unused-vars
  27:10  warning  'regression_linear_2variable' is defined but never used  no-unused-vars
  52:11  warning  'gauss' is not defined                                   no-undef

/home/runner/work/exp-ordinary-least-squares-iitb/exp-ordinary-least-squares-iitb/experiment/simulation/common_libraries/math.ob.js
  1:745  warning  'b' is already defined  no-redeclare

/home/runner/work/exp-ordinary-least-squares-iitb/exp-ordinary-least-squares-iitb/experiment/simulation/js/activity1.js
   31:10  warning  'show_act1' is defined but never used                no-unused-vars
   47:10  warning  'start_act1' is defined but never used               no-unused-vars
   50:20  warning  'get_collapse_btn_text' is not defined               no-undef
   82:5   warning  'hide_all_steps' is not defined                      no-undef
   84:9   warning  'show_step' is not defined                           no-undef
  100:10  warning  'set_n' is defined but never used                    no-unused-vars
  104:9   warning  'N' is not defined                                   no-undef
  108:9   warning  'N' is not defined                                   no-undef
  113:10  warning  'internal_calculations_1' is defined but never used  no-unused-vars
  117:28  warning  'N' is not defined                                   no-undef
  119:5   warning  'epsilon1' is not defined                            no-undef
  120:5   warning  'epsilon2' is not defined                            no-undef
  124:5   warning  'beta0' is not defined                               no-undef
  125:5   warning  'beta1' is not defined                               no-undef
  126:30  warning  'beta0' is not defined                               no-undef
  126:50  warning  'beta1' is not defined                               no-undef
  127:5   warning  'Y0' is not defined                                  no-undef
  128:5   warning  'sum_Y' is not defined                               no-undef
  130:25  warning  'x' is not defined                                   no-undef
  131:9   warning  'Y0' is not defined                                  no-undef
  131:29  warning  'beta0' is not defined                               no-undef
  131:37  warning  'beta1' is not defined                               no-undef
  131:45  warning  'x0' is not defined                                  no-undef
  133:17  warning  'Y0' is not defined                                  no-undef
  135:22  warning  'Y0' is not defined                                  no-undef
  136:5   warning  'Y' is not defined                                   no-undef
  137:25  warning  'Y0' is not defined                                  no-undef
  139:29  warning  'Y0' is not defined                                  no-undef
  139:37  warning  'Y0' is not defined                                  no-undef
  139:54  warning  'epsilon2' is not defined                            no-undef
  140:9   warning  'Y' is not defined                                   no-undef
  141:9   warning  'sum_Y' is not defined                               no-undef
  141:18  warning  'Y' is not defined                                   no-undef
  143:5   warning  'Y' is not defined                                   no-undef
  143:9   warning  'Y' is not defined                                   no-undef
  144:5   warning  'sum_Y' is not defined                               no-undef
  144:24  warning  'sum_Y' is not defined                               no-undef
  145:22  warning  'Y' is not defined                                   no-undef
  146:22  warning  'x' is not defined                                   no-undef
  147:23  warning  'Y0' is not defined                                  no-undef
  148:26  warning  'sum_Y' is not defined                               no-undef
  155:5   warning  'x0' is not defined                                  no-undef
  156:25  warning  'N' is not defined                                   no-undef
  164:5   warning  'x0' is not defined                                  no-undef
  165:5   warning  'sum_x' is not defined                               no-undef
  166:5   warning  'x' is not defined                                   no-undef
  167:21  warning  'x0' is not defined                                  no-undef
  168:25  warning  'x0' is not defined                                  no-undef
  169:9   warning  'x' is not defined                                   no-undef
  169:28  warning  'x0' is not defined                                  no-undef
  169:36  warning  'x0' is not defined                                  no-undef
  169:52  warning  'epsilon1' is not defined                            no-undef
  170:9   warning  'sum_x' is not defined                               no-undef
  170:18  warning  'x' is not defined                                   no-undef
  172:5   warning  'x' is not defined                                   no-undef
  172:9   warning  'x' is not defined                                   no-undef
  173:5   warning  'sum_x' is not defined                               no-undef
  173:24  warning  'sum_x' is not defined                               no-undef
  174:23  warning  'x0' is not defined                                  no-undef
  175:25  warning  'sum_x' is not defined                               no-undef
  180:25  warning  'N' is not defined                                   no-undef
  242:22  warning  'MathJax' is not defined                             no-undef
  244:10  warning  'verify_x_y_bar' is defined but never used           no-unused-vars
  250:5   warning  'x_bar_val' is not defined                           no-undef
  250:29  warning  'sum_x' is not defined                               no-undef
  250:37  warning  'N' is not defined                                   no-undef
  251:5   warning  'Y_bar_val' is not defined                           no-undef
  251:29  warning  'sum_Y' is not defined                               no-undef
  251:37  warning  'N' is not defined                                   no-undef
  252:17  warning  'x_bar_val' is not defined                           no-undef
  252:28  warning  'Y_bar_val' is not defined                           no-undef
  253:10  warning  'verify_values' is not defined                       no-undef
  253:53  warning  'x_bar_val' is not defined                           no-undef
  262:10  warning  'verify_values' is not defined                       no-undef
  262:53  warning  'Y_bar_val' is not defined                           no-undef
  275:23  warning  'x_bar_val' is not defined                           no-undef
  276:23  warning  'Y_bar_val' is not defined                           no-undef
  282:25  warning  'Y' is not defined                                   no-undef
  283:21  warning  'x' is not defined                                   no-undef
  284:35  warning  'x' is not defined                                   no-undef
  285:35  warning  'Y' is not defined                                   no-undef
  290:5   warning  'act1_table_data_1' is not defined                   no-undef
  291:5   warning  'Sxx' is not defined                                 no-undef
  292:5   warning  'Syy' is not defined                                 no-undef
  293:5   warning  'Sxy' is not defined                                 no-undef
  294:25  warning  'x' is not defined                                   no-undef
  296:20  warning  'x' is not defined                                   no-undef
  296:27  warning  'x_bar_val' is not defined                           no-undef
  297:20  warning  'Y' is not defined                                   no-undef
  297:30  warning  'Y_bar_val' is not defined                           no-undef
  298:18  warning  'x' is not defined                                   no-undef
  299:18  warning  'Y' is not defined                                   no-undef
  305:9   warning  'act1_table_data_1' is not defined                   no-undef
  306:9   warning  'Sxx' is not defined                                 no-undef
  306:16  warning  'act1_table_data_1' is not defined                   no-undef
  307:9   warning  'Syy' is not defined                                 no-undef
  307:16  warning  'act1_table_data_1' is not defined                   no-undef
  308:9   warning  'Sxy' is not defined                                 no-undef
  308:16  warning  'act1_table_data_1' is not defined                   no-undef
  310:5   warning  'Sxx' is not defined                                 no-undef
  310:22  warning  'Sxx' is not defined                                 no-undef
  311:5   warning  'Syy' is not defined                                 no-undef
  311:22  warning  'Syy' is not defined                                 no-undef
  312:5   warning  'Sxy' is not defined                                 no-undef
  312:22  warning  'Sxy' is not defined                                 no-undef
  334:19  warning  'Verify_Rows_Cols' is not defined                    no-undef
  334:44  warning  'act1_table_data_1' is not defined                   no-undef

/home/runner/work/exp-ordinary-least-squares-iitb/exp-ordinary-least-squares-iitb/experiment/simulation/js/activity1_p1.js
   1:10  warning  'activity1_p1' is defined but never used    no-unused-vars
   4:19  warning  'get_collapse_btn_text' is not defined      no-undef
   5:5   warning  'maindiv' is not defined                    no-undef
  46:5   warning  'hide_all_steps' is not defined             no-undef
  48:9   warning  'show_step' is not defined                  no-undef
  51:10  warning  'verify_sxx_syy' is defined but never used  no-unused-vars
  60:17  warning  'Sxx' is not defined                        no-undef
  60:22  warning  'Syy' is not defined                        no-undef
  60:27  warning  'Sxy' is not defined                        no-undef
  61:10  warning  'verify_values' is not defined              no-undef
  61:51  warning  'Sxx' is not defined                        no-undef
  70:10  warning  'verify_values' is not defined              no-undef
  70:51  warning  'Syy' is not defined                        no-undef
  79:10  warning  'verify_values' is not defined              no-undef
  79:51  warning  'Sxy' is not defined                        no-undef
  92:25  warning  'Sxx' is not defined                        no-undef
  93:25  warning  'Syy' is not defined                        no-undef
  94:25  warning  'Sxy' is not defined                        no-undef

/home/runner/work/exp-ordinary-least-squares-iitb/exp-ordinary-least-squares-iitb/experiment/simulation/js/activity1_p2.js
   1:10   warning  'activity1_p2' is defined but never used  no-unused-vars
   4:20   warning  'get_collapse_btn_text' is not defined    no-undef
   5:5    warning  'maindiv' is not defined                  no-undef
  49:28   warning  'Question_Options' is not defined         no-undef
  49:106  warning  Unnecessary escape character: \β          no-useless-escape
  51:2    warning  Unnecessary escape character: \β          no-useless-escape
  52:2    warning  Unnecessary escape character: \ϵ          no-useless-escape
  54:68   warning  'activity1_p3' is not defined             no-undef
  56:9    warning  'MathJax' is not defined                  no-undef
  58:5    warning  'hide_all_steps' is not defined           no-undef
  60:9    warning  'show_step' is not defined                no-undef

/home/runner/work/exp-ordinary-least-squares-iitb/exp-ordinary-least-squares-iitb/experiment/simulation/js/activity1_p3.js
   1:10  warning  'activity1_p3' is defined but never used  no-unused-vars
   2:19  warning  'get_collapse_btn_text' is not defined    no-undef
   3:5   warning  'maindiv' is not defined                  no-undef
  14:18  warning  Unnecessary escape character: \→          no-useless-escape
  14:28  warning  Unnecessary escape character: \→          no-useless-escape
  14:45  warning  Unnecessary escape character: \→          no-useless-escape
  14:65  warning  Unnecessary escape character: \→          no-useless-escape
  39:9   warning  'MathJax' is not defined                  no-undef
  41:5   warning  'X' is not defined                        no-undef
  42:25  warning  'x' is not defined                        no-undef
  43:35  warning  'x' is not defined                        no-undef
  44:9   warning  'X' is not defined                        no-undef
  46:22  warning  'X' is not defined                        no-undef
  49:25  warning  'Verify_Rows_Cols' is not defined         no-undef
  49:46  warning  'X' is not defined                        no-undef
  51:5   warning  'hide_all_steps' is not defined           no-undef
  53:9   warning  'show_step' is not defined                no-undef
  60:5   warning  'XT' is not defined                       no-undef
  61:5   warning  'XT_X' is not defined                     no-undef
  62:5   warning  'XT' is not defined                       no-undef
  62:10  warning  'transpose_matrix' is not defined         no-undef
  62:27  warning  'X' is not defined                        no-undef
  63:5   warning  'XT_X' is not defined                     no-undef
  63:12  warning  'matrix_multiplication' is not defined    no-undef
  63:34  warning  'XT' is not defined                       no-undef
  63:38  warning  'X' is not defined                        no-undef
  64:19  warning  'Matrix' is not defined                   no-undef
  64:31  warning  'X' is not defined                        no-undef
  66:29  warning  'XT_X' is not defined                     no-undef
  69:10  warning  'show_matrix' is defined but never used   no-unused-vars
  89:19  warning  'Verify_Rows_Cols' is not defined         no-undef
  89:40  warning  'XT_X' is not defined                     no-undef
  97:19  warning  'Matrix' is not defined                   no-undef
  97:34  warning  'XT_X' is not defined                     no-undef

/home/runner/work/exp-ordinary-least-squares-iitb/exp-ordinary-least-squares-iitb/experiment/simulation/js/activity1_p4.js
   1:10  warning  'activity1_p4' is defined but never used  no-unused-vars
   4:19  warning  'get_collapse_btn_text' is not defined    no-undef
   5:5   warning  'maindiv' is not defined                  no-undef
  23:5   warning  'XT_X_1' is not defined                   no-undef
  24:5   warning  'XT_X_1' is not defined                   no-undef
  24:14  warning  'inverse_matrix' is not defined           no-undef
  24:29  warning  'XT_X' is not defined                     no-undef
  25:27  warning  'Verify_Rows_Cols' is not defined         no-undef
  25:48  warning  'XT_X_1' is not defined                   no-undef
  30:5   warning  'hide_all_steps' is not defined           no-undef
  32:9   warning  'show_step' is not defined                no-undef
  39:5   warning  'XT_X_1_XT' is not defined                no-undef
  40:5   warning  'XT_X_1_XT' is not defined                no-undef
  40:17  warning  'matrix_multiplication' is not defined    no-undef
  40:39  warning  'XT_X_1' is not defined                   no-undef
  40:47  warning  'XT' is not defined                       no-undef
  41:19  warning  'Matrix' is not defined                   no-undef
  41:41  warning  'XT_X_1' is not defined                   no-undef
  45:10  warning  'next_matrix' is defined but never used   no-unused-vars
  50:19  warning  'Matrix' is not defined                   no-undef
  50:33  warning  'XT' is not defined                       no-undef
  65:27  warning  'Verify_Rows_Cols' is not defined         no-undef
  65:48  warning  'XT_X_1_XT' is not defined                no-undef
  73:19  warning  'Matrix' is not defined                   no-undef
  73:44  warning  'XT_X_1_XT' is not defined                no-undef

/home/runner/work/exp-ordinary-least-squares-iitb/exp-ordinary-least-squares-iitb/experiment/simulation/js/activity1_p5.js
   1:10  warning  'activity1_p5' is defined but never used  no-unused-vars
   4:19  warning  'get_collapse_btn_text' is not defined    no-undef
   5:5   warning  'maindiv' is not defined                  no-undef
  25:9   warning  'MathJax' is not defined                  no-undef
  29:21  warning  'Matrix' is not defined                   no-undef
  29:33  warning  'Y' is not defined                        no-undef
  31:5   warning  'beta_cap' is not defined                 no-undef
  31:16  warning  'matrix_multiplication' is not defined    no-undef
  31:38  warning  'XT_X_1_XT' is not defined                no-undef
  31:49  warning  'Y' is not defined                        no-undef
  32:29  warning  'beta_cap' is not defined                 no-undef
  33:5   warning  'beta_cap0' is not defined                no-undef
  33:17  warning  'beta_cap' is not defined                 no-undef
  34:5   warning  'beta_cap1' is not defined                no-undef
  34:17  warning  'beta_cap' is not defined                 no-undef
  35:24  warning  'Verify_Rows_Cols' is not defined         no-undef
  35:45  warning  'beta_cap' is not defined                 no-undef
  37:5   warning  'hide_all_steps' is not defined           no-undef
  39:9   warning  'show_step' is not defined                no-undef
  47:19  warning  'Matrix' is not defined                   no-undef
  47:43  warning  'beta_cap' is not defined                 no-undef

/home/runner/work/exp-ordinary-least-squares-iitb/exp-ordinary-least-squares-iitb/experiment/simulation/js/activity1_p6.js
    1:10  warning  'activity1_p6' is defined but never used     no-unused-vars
    4:19  warning  'get_collapse_btn_text' is not defined       no-undef
    5:5   warning  'maindiv' is not defined                     no-undef
   20:30  warning  'beta_cap0' is not defined                   no-undef
   21:30  warning  'beta_cap1' is not defined                   no-undef
   22:60  warning  'sum_x' is not defined                       no-undef
   22:68  warning  'N' is not defined                           no-undef
   23:60  warning  'sum_Y' is not defined                       no-undef
   23:68  warning  'N' is not defined                           no-undef
   39:9   warning  'MathJax' is not defined                     no-undef
   53:19  warning  'Verify_Rows_Cols' is not defined            no-undef
   53:44  warning  'act1_p6_table_data_1' is not defined        no-undef
   57:5   warning  'hide_all_steps' is not defined              no-undef
   59:9   warning  'show_step' is not defined                   no-undef
   67:5   warning  'act1_p6_table_data_1' is not defined        no-undef
   68:5   warning  'SSr' is not defined                         no-undef
   69:5   warning  'MRes' is not defined                        no-undef
   70:5   warning  'y_dash' is not defined                      no-undef
   71:25  warning  'X' is not defined                           no-undef
   73:29  warning  'beta_cap' is not defined                    no-undef
   74:25  warning  'beta_cap' is not defined                    no-undef
   74:51  warning  'x' is not defined                           no-undef
   76:9   warning  'y_dash' is not defined                      no-undef
   77:23  warning  'x' is not defined                           no-undef
   77:30  warning  'x_bar_val' is not defined                   no-undef
   78:23  warning  'Y' is not defined                           no-undef
   78:33  warning  'Y_bar_val' is not defined                   no-undef
   80:17  warning  'x' is not defined                           no-undef
   81:17  warning  'Y' is not defined                           no-undef
   84:17  warning  'y_dash' is not defined                      no-undef
   85:29  warning  'Y' is not defined                           no-undef
   86:39  warning  'Y' is not defined                           no-undef
   88:9   warning  'act1_p6_table_data_1' is not defined        no-undef
   89:9   warning  'SSr' is not defined                         no-undef
   89:26  warning  'Y' is not defined                           no-undef
   91:5   warning  'SSr' is not defined                         no-undef
   91:22  warning  'SSr' is not defined                         no-undef
   92:5   warning  'MRes' is not defined                        no-undef
   92:24  warning  'SSr' is not defined                         no-undef
   92:31  warning  'N' is not defined                           no-undef
   94:10  warning  'ssr_mres' is defined but never used         no-unused-vars
  127:9   warning  'MathJax' is not defined                     no-undef
  130:10  warning  'verify_ssr_mres' is defined but never used  no-unused-vars
  135:17  warning  'SSr' is not defined                         no-undef
  135:22  warning  'MRes' is not defined                        no-undef
  136:10  warning  'verify_values' is not defined               no-undef
  136:51  warning  'SSr' is not defined                         no-undef
  145:10  warning  'verify_values' is not defined               no-undef
  145:52  warning  'MRes' is not defined                        no-undef
  159:38  warning  'SSr' is not defined                         no-undef
  162:45  warning  'MRes' is not defined                        no-undef
  167:9   warning  'MathJax' is not defined                     no-undef

/home/runner/work/exp-ordinary-least-squares-iitb/exp-ordinary-least-squares-iitb/experiment/simulation/js/activity1_p7.js
    1:10  warning  'activity1_p7' is defined but never used     no-unused-vars
    4:19  warning  'get_collapse_btn_text' is not defined       no-undef
    5:5   warning  'maindiv' is not defined                     no-undef
   11:22  warning  'SSr' is not defined                         no-undef
   11:52  warning  'Syy' is not defined                         no-undef
   20:37  warning  Unnecessary escape character: \|             no-useless-escape
   43:9   warning  'MathJax' is not defined                     no-undef
   46:5   warning  'hide_all_steps' is not defined              no-undef
   48:9   warning  'show_step' is not defined                   no-undef
   51:10  warning  'plot_regression' is defined but never used  no-unused-vars
   69:10  warning  'verify_ro' is defined but never used        no-unused-vars
   74:17  warning  'ro2' is not defined                         no-undef
   74:22  warning  'ro' is not defined                          no-undef
   75:10  warning  'verify_values' is not defined               no-undef
   75:51  warning  'ro2' is not defined                         no-undef
   84:10  warning  'verify_values' is not defined               no-undef
   84:50  warning  'ro' is not defined                          no-undef
   98:28  warning  Unnecessary escape character: \|             no-useless-escape
   98:76  warning  'ro2' is not defined                         no-undef
  101:20  warning  'ro' is not defined                          no-undef
  106:9   warning  'MathJax' is not defined                     no-undef
  111:5   warning  'ro' is not defined                          no-undef
  112:5   warning  'ro2' is not defined                         no-undef
  113:5   warning  'ro2' is not defined                         no-undef
  113:35  warning  'SSr' is not defined                         no-undef
  113:41  warning  'Syy' is not defined                         no-undef
  114:5   warning  'ro' is not defined                          no-undef
  114:31  warning  'ro2' is not defined                         no-undef
  116:10  warning  'plot_graph' is defined but never used       no-unused-vars
  130:21  warning  'Chart' is not defined                       no-undef
  133:21  warning  'x' is not defined                           no-undef
  137:27  warning  'y_dash' is not defined                      no-undef

/home/runner/work/exp-ordinary-least-squares-iitb/exp-ordinary-least-squares-iitb/experiment/simulation/js/activity2.js
    1:10  warning  'activity2' is defined but never used                   no-unused-vars
   38:5   warning  'maindiv' is not defined                                no-undef
   39:5   warning  'hide_all_steps' is not defined                         no-undef
   41:10  warning  'start_act2' is defined but never used                  no-unused-vars
   44:20  warning  'get_collapse_btn_text' is not defined                  no-undef
   70:5   warning  'maindiv' is not defined                                no-undef
   71:5   warning  'hide_all_steps' is not defined                         no-undef
   73:9   warning  'show_step' is not defined                              no-undef
   88:10  warning  'a2_set_n' is defined but never used                    no-unused-vars
   92:9   warning  'N_a2' is not defined                                   no-undef
   96:9   warning  'N_a2' is not defined                                   no-undef
  100:10  warning  'a2_internal_calculations_1' is defined but never used  no-unused-vars
  104:28  warning  'N_a2' is not defined                                   no-undef
  106:5   warning  'epsilon1_a2' is not defined                            no-undef
  107:5   warning  'epsilon2_a2' is not defined                            no-undef
  111:5   warning  'beta0_a2' is not defined                               no-undef
  112:5   warning  'beta1_a2' is not defined                               no-undef
  113:33  warning  'beta0_a2' is not defined                               no-undef
  113:59  warning  'beta1_a2' is not defined                               no-undef
  114:5   warning  'sum_Y_a2' is not defined                               no-undef
  115:5   warning  'Y_a2' is not defined                                   no-undef
  116:25  warning  'x_a2' is not defined                                   no-undef
  118:31  warning  'beta0_a2' is not defined                               no-undef
  119:13  warning  'beta1_a2' is not defined                               no-undef
  119:25  warning  'x_a2' is not defined                                   no-undef
  119:35  warning  'epsilon1_a2' is not defined                            no-undef
  120:13  warning  'epsilon2_a2' is not defined                            no-undef
  121:9   warning  'Y_a2' is not defined                                   no-undef
  122:9   warning  'sum_Y_a2' is not defined                               no-undef
  122:21  warning  'Y_a2' is not defined                                   no-undef
  124:5   warning  'Y_a2' is not defined                                   no-undef
  125:5   warning  'sum_Y_a2' is not defined                               no-undef
  125:27  warning  'sum_Y_a2' is not defined                               no-undef
  126:25  warning  'Y_a2' is not defined                                   no-undef
  127:25  warning  'x_a2' is not defined                                   no-undef
  128:29  warning  'sum_Y_a2' is not defined                               no-undef
  187:22  warning  'MathJax' is not defined                                no-undef
  189:10  warning  'a2_verify_x_y_bar' is defined but never used           no-unused-vars
  195:5   warning  'x_bar_val_a2' is not defined                           no-undef
  195:32  warning  'sum_x_a2' is not defined                               no-undef
  195:43  warning  'N_a2' is not defined                                   no-undef
  196:5   warning  'Y_bar_val_a2' is not defined                           no-undef
  196:32  warning  'sum_Y_a2' is not defined                               no-undef
  196:43  warning  'N_a2' is not defined                                   no-undef
  197:17  warning  'x_bar_val_a2' is not defined                           no-undef
  197:31  warning  'Y_bar_val_a2' is not defined                           no-undef
  198:10  warning  'verify_values' is not defined                          no-undef
  198:53  warning  'x_bar_val_a2' is not defined                           no-undef
  207:10  warning  'verify_values' is not defined                          no-undef
  207:53  warning  'Y_bar_val_a2' is not defined                           no-undef
  220:23  warning  'x_bar_val_a2' is not defined                           no-undef
  221:23  warning  'Y_bar_val_a2' is not defined                           no-undef
  227:5   warning  'x0_a2' is not defined                                  no-undef
  228:25  warning  'N_a2' is not defined                                   no-undef
  236:5   warning  'x0_a2' is not defined                                  no-undef
  237:5   warning  'sum_x_a2' is not defined                               no-undef
  238:5   warning  'x_a2' is not defined                                   no-undef
  239:21  warning  'x0_a2' is not defined                                  no-undef
  240:25  warning  'x0_a2' is not defined                                  no-undef
  241:9   warning  'x_a2' is not defined                                   no-undef
  241:31  warning  'x0_a2' is not defined                                  no-undef
  241:42  warning  'x0_a2' is not defined                                  no-undef
  241:61  warning  'epsilon1_a2' is not defined                            no-undef
  242:9   warning  'sum_x_a2' is not defined                               no-undef
  242:21  warning  'x_a2' is not defined                                   no-undef
  244:5   warning  'x_a2' is not defined                                   no-undef
  244:12  warning  'x_a2' is not defined                                   no-undef
  245:5   warning  'sum_x_a2' is not defined                               no-undef
  245:27  warning  'sum_x_a2' is not defined                               no-undef
  246:26  warning  'x0_a2' is not defined                                  no-undef
  247:28  warning  'sum_x_a2' is not defined                               no-undef
  251:25  warning  'N_a2' is not defined                                   no-undef
  261:25  warning  'Y_a2' is not defined                                   no-undef
  262:21  warning  'x_a2' is not defined                                   no-undef
  263:35  warning  'x_a2' is not defined                                   no-undef
  264:35  warning  'Y_a2' is not defined                                   no-undef
  269:5   warning  'act2_table_data_1' is not defined                      no-undef
  270:5   warning  'Sxx_a2' is not defined                                 no-undef
  271:5   warning  'Syy_a2' is not defined                                 no-undef
  272:5   warning  'Sxy_a2' is not defined                                 no-undef
  273:5   warning  'var_x' is not defined                                  no-undef
  274:5   warning  'var_Y' is not defined                                  no-undef
  275:5   warning  'cov' is not defined                                    no-undef
  276:25  warning  'x_a2' is not defined                                   no-undef
  278:20  warning  'x_a2' is not defined                                   no-undef
  278:30  warning  'x_bar_val_a2' is not defined                           no-undef
  279:20  warning  'Y_a2' is not defined                                   no-undef
  279:33  warning  'Y_bar_val_a2' is not defined                           no-undef
  280:18  warning  'x_a2' is not defined                                   no-undef
  281:18  warning  'Y_a2' is not defined                                   no-undef
  287:9   warning  'act2_table_data_1' is not defined                      no-undef
  288:9   warning  'Sxx_a2' is not defined                                 no-undef
  288:19  warning  'act2_table_data_1' is not defined                      no-undef
  289:9   warning  'Syy_a2' is not defined                                 no-undef
  289:19  warning  'act2_table_data_1' is not defined                      no-undef
  290:9   warning  'Sxy_a2' is not defined                                 no-undef
  290:19  warning  'act2_table_data_1' is not defined                      no-undef
  292:5   warning  'Sxx_a2' is not defined                                 no-undef
  292:25  warning  'Sxx_a2' is not defined                                 no-undef
  293:5   warning  'Syy_a2' is not defined                                 no-undef
  293:25  warning  'Syy_a2' is not defined                                 no-undef
  294:5   warning  'Sxy_a2' is not defined                                 no-undef
  294:25  warning  'Sxy_a2' is not defined                                 no-undef
  295:5   warning  'var_x' is not defined                                  no-undef
  295:25  warning  'Sxx_a2' is not defined                                 no-undef
  295:35  warning  'N_a2' is not defined                                   no-undef
  296:5   warning  'var_Y' is not defined                                  no-undef
  296:25  warning  'Syy_a2' is not defined                                 no-undef
  296:35  warning  'N_a2' is not defined                                   no-undef
  297:5   warning  'cov' is not defined                                    no-undef
  297:23  warning  'Sxy_a2' is not defined                                 no-undef
  297:33  warning  'N_a2' is not defined                                   no-undef
  319:19  warning  'Verify_Rows_Cols' is not defined                       no-undef
  319:44  warning  'act2_table_data_1' is not defined                      no-undef

/home/runner/work/exp-ordinary-least-squares-iitb/exp-ordinary-least-squares-iitb/experiment/simulation/js/activity2_p1.js
    1:10  warning  'activity2_p1' is defined but never used       no-unused-vars
    4:20  warning  'get_collapse_btn_text' is not defined         no-undef
    5:5   warning  'maindiv' is not defined                       no-undef
   84:9   warning  'MathJax' is not defined                       no-undef
   86:5   warning  'hide_all_steps' is not defined                no-undef
   88:9   warning  'show_step' is not defined                     no-undef
   91:10  warning  'covariance_matrix' is defined but never used  no-unused-vars
  115:9   warning  'MathJax' is not defined                       no-undef
  118:5   warning  'S' is not defined                             no-undef
  118:15  warning  'var_x' is not defined                         no-undef
  119:5   warning  'S' is not defined                             no-undef
  119:15  warning  'cov' is not defined                           no-undef
  120:5   warning  'S' is not defined                             no-undef
  120:15  warning  'cov' is not defined                           no-undef
  121:5   warning  'S' is not defined                             no-undef
  121:15  warning  'var_Y' is not defined                         no-undef
  123:25  warning  'Verify_Rows_Cols' is not defined              no-undef
  123:46  warning  'S' is not defined                             no-undef
  129:10  warning  'a2_verify_sxx_syy' is defined but never used  no-unused-vars
  138:17  warning  'Sxx_a2' is not defined                        no-undef
  138:25  warning  'Syy_a2' is not defined                        no-undef
  138:33  warning  'Sxy_a2' is not defined                        no-undef
  139:17  warning  'var_x' is not defined                         no-undef
  139:24  warning  'var_Y' is not defined                         no-undef
  139:31  warning  'cov' is not defined                           no-undef
  140:10  warning  'verify_values' is not defined                 no-undef
  140:51  warning  'Sxx_a2' is not defined                        no-undef
  149:10  warning  'verify_values' is not defined                 no-undef
  149:51  warning  'Syy_a2' is not defined                        no-undef
  158:10  warning  'verify_values' is not defined                 no-undef
  158:51  warning  'Sxy_a2' is not defined                        no-undef
  167:10  warning  'verify_values' is not defined                 no-undef
  167:53  warning  'var_x' is not defined                         no-undef
  176:10  warning  'verify_values' is not defined                 no-undef
  176:53  warning  'var_Y' is not defined                         no-undef
  185:10  warning  'verify_values' is not defined                 no-undef
  185:51  warning  'cov' is not defined                           no-undef
  200:51  warning  'Sxx_a2' is not defined                        no-undef
  205:49  warning  'var_x' is not defined                         no-undef
  212:51  warning  'Syy_a2' is not defined                        no-undef
  217:49  warning  'var_Y' is not defined                         no-undef
  224:63  warning  'Sxy_a2' is not defined                        no-undef
  229:51  warning  'cov' is not defined                           no-undef
  235:9   warning  'MathJax' is not defined                       no-undef
  243:19  warning  'Matrix' is not defined                        no-undef
  243:31  warning  'S' is not defined                             no-undef

/home/runner/work/exp-ordinary-least-squares-iitb/exp-ordinary-least-squares-iitb/experiment/simulation/js/activity2_p2.js
    1:10  warning  'activity2_p2' is defined but never used          no-unused-vars
    4:20  warning  'get_collapse_btn_text' is not defined            no-undef
    5:5   warning  'tra_s' is not defined                            no-undef
    6:5   warning  'det_s' is not defined                            no-undef
    7:5   warning  'tra_s' is not defined                            no-undef
    7:25  warning  'S' is not defined                                no-undef
    7:35  warning  'S' is not defined                                no-undef
    8:5   warning  'det_s' is not defined                            no-undef
    8:25  warning  'S' is not defined                                no-undef
    8:35  warning  'S' is not defined                                no-undef
    8:45  warning  'S' is not defined                                no-undef
    8:55  warning  'S' is not defined                                no-undef
    9:5   warning  'maindiv' is not defined                          no-undef
   21:18  warning  'var_x' is not defined                            no-undef
   21:29  warning  'cov' is not defined                              no-undef
   22:18  warning  'cov' is not defined                              no-undef
   22:27  warning  'var_Y' is not defined                            no-undef
   62:9   warning  'MathJax' is not defined                          no-undef
   64:5   warning  'hide_all_steps' is not defined                   no-undef
   66:9   warning  'show_step' is not defined                        no-undef
   69:10  warning  'solve_quadratic_equ' is defined but never used   no-unused-vars
   73:5   warning  'lambda_1' is not defined                         no-undef
   74:5   warning  'lambda_2' is not defined                         no-undef
   75:5   warning  'lambda_1' is not defined                         no-undef
   75:30  warning  'tra_s' is not defined                            no-undef
   75:48  warning  'tra_s' is not defined                            no-undef
   75:56  warning  'tra_s' is not defined                            no-undef
   75:68  warning  'det_s' is not defined                            no-undef
   76:5   warning  'lambda_2' is not defined                         no-undef
   76:30  warning  'tra_s' is not defined                            no-undef
   76:48  warning  'tra_s' is not defined                            no-undef
   76:56  warning  'tra_s' is not defined                            no-undef
   76:68  warning  'det_s' is not defined                            no-undef
   84:24  warning  Unnecessary escape character: \λ                  no-useless-escape
   90:10  warning  Unnecessary escape character: \λ                  no-useless-escape
   90:25  warning  Unnecessary escape character: \±                  no-useless-escape
   99:19  warning  Unnecessary escape character: \λ                  no-useless-escape
  110:16  warning  Unnecessary escape character: \λ                  no-useless-escape
  125:9   warning  'MathJax' is not defined                          no-undef
  128:10  warning  'least_eigen_value' is defined but never used     no-unused-vars
  132:5   warning  'lambda_min' is not defined                       no-undef
  133:5   warning  'lambda_min' is not defined                       no-undef
  133:27  warning  'lambda_1' is not defined                         no-undef
  133:37  warning  'lambda_2' is not defined                         no-undef
  145:16  warning  Unnecessary escape character: \λ                  no-useless-escape
  145:27  warning  Unnecessary escape character: \λ                  no-useless-escape
  145:34  warning  Unnecessary escape character: \λ                  no-useless-escape
  160:9   warning  'MathJax' is not defined                          no-undef
  163:10  warning  'a2_verify_lambda_min' is defined but never used  no-unused-vars
  168:17  warning  'lambda_min' is not defined                       no-undef
  169:10  warning  'verify_values' is not defined                    no-undef
  169:55  warning  'lambda_min' is not defined                       no-undef
  180:29  warning  'lambda_min' is not defined                       no-undef
  184:10  warning  'a2_verify_lambda' is defined but never used      no-unused-vars
  191:17  warning  'lambda_1' is not defined                         no-undef
  191:27  warning  'lambda_2' is not defined                         no-undef
  192:10  warning  'verify_values' is not defined                    no-undef
  192:52  warning  'lambda_1' is not defined                         no-undef
  201:10  warning  'verify_values' is not defined                    no-undef
  201:52  warning  'lambda_2' is not defined                         no-undef
  213:26  warning  'lambda_1' is not defined                         no-undef
  214:26  warning  'lambda_2' is not defined                         no-undef
  218:10  warning  'a2_verify_tra_det' is defined but never used     no-unused-vars
  225:17  warning  'tra_s' is not defined                            no-undef
  225:24  warning  'det_s' is not defined                            no-undef
  226:10  warning  'verify_values' is not defined                    no-undef
  226:51  warning  'tra_s' is not defined                            no-undef
  235:10  warning  'verify_values' is not defined                    no-undef
  235:51  warning  'det_s' is not defined                            no-undef
  247:25  warning  'tra_s' is not defined                            no-undef
  248:25  warning  'det_s' is not defined                            no-undef

/home/runner/work/exp-ordinary-least-squares-iitb/exp-ordinary-least-squares-iitb/experiment/simulation/js/activity2_p3.js
    1:10  warning  'activity2_p3' is defined but never used                  no-unused-vars
    4:20  warning  'get_collapse_btn_text' is not defined                    no-undef
    7:5   warning  'S_lambdaMinI' is not defined                             no-undef
    8:25  warning  'S' is not defined                                        no-undef
   10:29  warning  'S' is not defined                                        no-undef
   12:39  warning  'S' is not defined                                        no-undef
   12:49  warning  'lambda_min' is not defined                               no-undef
   15:39  warning  'S' is not defined                                        no-undef
   18:9   warning  'S_lambdaMinI' is not defined                             no-undef
   20:33  warning  'S_lambdaMinI' is not defined                             no-undef
   21:5   warning  'maindiv' is not defined                                  no-undef
   34:18  warning  Unnecessary escape character: \λ                          no-useless-escape
   46:21  warning  'S' is not defined                                        no-undef
   46:34  warning  'S' is not defined                                        no-undef
   47:21  warning  'S' is not defined                                        no-undef
   47:34  warning  'S' is not defined                                        no-undef
   82:25  warning  'Verify_Rows_Cols' is not defined                         no-undef
   82:46  warning  'S_lambdaMinI' is not defined                             no-undef
   88:9   warning  'MathJax' is not defined                                  no-undef
   90:5   warning  'hide_all_steps' is not defined                           no-undef
   92:9   warning  'show_step' is not defined                                no-undef
  104:23  warning  'Matrix' is not defined                                   no-undef
  104:36  warning  'S_lambdaMinI' is not defined                             no-undef
  106:5   warning  'v2' is not defined                                       no-undef
  107:5   warning  'v2' is not defined                                       no-undef
  107:23  warning  'S_lambdaMinI' is not defined                             no-undef
  107:44  warning  'S_lambdaMinI' is not defined                             no-undef
  133:25  warning  'v1' is not defined                                       no-undef
  154:9   warning  'MathJax' is not defined                                  no-undef
  157:10  warning  'a2_verify_v2' is defined but never used                  no-unused-vars
  162:17  warning  'v2' is not defined                                       no-undef
  163:10  warning  'verify_values' is not defined                            no-undef
  163:50  warning  'v2' is not defined                                       no-undef
  178:61  warning  'v2' is not defined                                       no-undef
  184:9   warning  'MathJax' is not defined                                  no-undef
  187:10  warning  'total_least_square' is defined but never used            no-unused-vars
  191:5   warning  'beta_t0' is not defined                                  no-undef
  192:5   warning  'beta_t1' is not defined                                  no-undef
  193:5   warning  'beta_t1' is not defined                                  no-undef
  193:29  warning  'v1' is not defined                                       no-undef
  193:34  warning  'v2' is not defined                                       no-undef
  194:5   warning  'beta_t0' is not defined                                  no-undef
  194:27  warning  'Y_bar_val_a2' is not defined                             no-undef
  194:42  warning  'beta_t1' is not defined                                  no-undef
  194:52  warning  'x_bar_val_a2' is not defined                             no-undef
  230:9   warning  'MathJax' is not defined                                  no-undef
  233:10  warning  'a2_verify_total_least_square' is defined but never used  no-unused-vars
  240:17  warning  'beta_t1' is not defined                                  no-undef
  240:26  warning  'beta_t0' is not defined                                  no-undef
  241:10  warning  'verify_values' is not defined                            no-undef
  241:55  warning  'beta_t1' is not defined                                  no-undef
  250:10  warning  'verify_values' is not defined                            no-undef
  250:55  warning  'beta_t0' is not defined                                  no-undef
  262:29  warning  'beta_t1' is not defined                                  no-undef
  263:29  warning  'beta_t0' is not defined                                  no-undef

/home/runner/work/exp-ordinary-least-squares-iitb/exp-ordinary-least-squares-iitb/experiment/simulation/js/activity2_p4.js
    1:10  warning  'activity2_p4' is defined but never used        no-unused-vars
    4:20  warning  'get_collapse_btn_text' is not defined          no-undef
    5:5   warning  'maindiv' is not defined                        no-undef
   15:46  warning  'beta_t1' is not defined                        no-undef
   19:46  warning  'beta_t0' is not defined                        no-undef
   22:35  warning  'x_bar_val_a2' is not defined                   no-undef
   25:35  warning  'Y_bar_val_a2' is not defined                   no-undef
   45:19  warning  'Verify_Rows_Cols' is not defined               no-undef
   45:44  warning  'act2_p4_table_data_1' is not defined           no-undef
   50:9   warning  'MathJax' is not defined                        no-undef
   52:5   warning  'hide_all_steps' is not defined                 no-undef
   54:9   warning  'show_step' is not defined                      no-undef
   62:5   warning  'act2_p4_table_data_1' is not defined           no-undef
   63:5   warning  'SSr_a2' is not defined                         no-undef
   64:5   warning  'MRes_a2' is not defined                        no-undef
   65:5   warning  'y_dash_a2' is not defined                      no-undef
   67:25  warning  'x_a2' is not defined                           no-undef
   70:24  warning  'beta_t0' is not defined                        no-undef
   70:34  warning  'beta_t1' is not defined                        no-undef
   70:44  warning  'x_a2' is not defined                           no-undef
   71:26  warning  'Y_a2' is not defined                           no-undef
   72:9   warning  'y_dash_a2' is not defined                      no-undef
   73:22  warning  'x_a2' is not defined                           no-undef
   74:22  warning  'Y_a2' is not defined                           no-undef
   75:34  warning  'Y_a2' is not defined                           no-undef
   77:9   warning  'SSr_a2' is not defined                         no-undef
   78:9   warning  'act2_p4_table_data_1' is not defined           no-undef
   80:5   warning  'SSr_a2' is not defined                         no-undef
   80:25  warning  'SSr_a2' is not defined                         no-undef
   81:5   warning  'MRes_a2' is not defined                        no-undef
   81:27  warning  'SSr_a2' is not defined                         no-undef
   81:37  warning  'N_a2' is not defined                           no-undef
   83:10  warning  'a2_ssr_mres' is defined but never used         no-unused-vars
  116:9   warning  'MathJax' is not defined                        no-undef
  119:10  warning  'a2_verify_ssr_mres' is defined but never used  no-unused-vars
  124:17  warning  'SSr_a2' is not defined                         no-undef
  124:25  warning  'MRes_a2' is not defined                        no-undef
  125:10  warning  'verify_values' is not defined                  no-undef
  125:51  warning  'SSr_a2' is not defined                         no-undef
  134:10  warning  'verify_values' is not defined                  no-undef
  134:52  warning  'MRes_a2' is not defined                        no-undef
  148:41  warning  'SSr_a2' is not defined                         no-undef
  151:48  warning  'MRes_a2' is not defined                        no-undef
  156:9   warning  'MathJax' is not defined                        no-undef

/home/runner/work/exp-ordinary-least-squares-iitb/exp-ordinary-least-squares-iitb/experiment/simulation/js/activity2_p5.js
    1:10  warning  'activity2_p5' is defined but never used        no-unused-vars
    4:19  warning  'get_collapse_btn_text' is not defined          no-undef
    6:5   warning  'maindiv' is not defined                        no-undef
   12:19  warning  'SSr_a2' is not defined                         no-undef
   12:52  warning  'Syy_a2' is not defined                         no-undef
   22:37  warning  Unnecessary escape character: \|                no-useless-escape
   46:9   warning  'MathJax' is not defined                        no-undef
   48:5   warning  'hide_all_steps' is not defined                 no-undef
   50:9   warning  'show_step' is not defined                      no-undef
   53:10  warning  'a2_plot_regression' is defined but never used  no-unused-vars
   71:10  warning  'verify_rt' is defined but never used           no-unused-vars
   76:17  warning  'rt2' is not defined                            no-undef
   76:22  warning  'rt' is not defined                             no-undef
   77:10  warning  'verify_values' is not defined                  no-undef
   77:51  warning  'rt2' is not defined                            no-undef
   86:10  warning  'verify_values' is not defined                  no-undef
   86:50  warning  'rt' is not defined                             no-undef
  100:28  warning  Unnecessary escape character: \|                no-useless-escape
  100:75  warning  'rt2' is not defined                            no-undef
  103:20  warning  'rt' is not defined                             no-undef
  108:9   warning  'MathJax' is not defined                        no-undef
  113:5   warning  'rt' is not defined                             no-undef
  114:5   warning  'rt2' is not defined                            no-undef
  115:5   warning  'rt2' is not defined                            no-undef
  115:35  warning  'SSr_a2' is not defined                         no-undef
  115:44  warning  'Syy_a2' is not defined                         no-undef
  116:5   warning  'rt' is not defined                             no-undef
  116:31  warning  'rt2' is not defined                            no-undef
  118:10  warning  'a2_plot_graph' is defined but never used       no-unused-vars
  124:5   warning  'Y_a2' is not defined                           no-undef
  137:9   warning  'chart' is assigned a value but never used      no-unused-vars
  137:21  warning  'Chart' is not defined                          no-undef
  140:21  warning  'x_a2' is not defined                           no-undef

/home/runner/work/exp-ordinary-least-squares-iitb/exp-ordinary-least-squares-iitb/experiment/simulation/js/activity3.js
   1:10   warning  'activity3' is defined but never used   no-unused-vars
  32:5    warning  'maindiv' is not defined                no-undef
  34:5    warning  'hide_all_steps' is not defined         no-undef
  37:5    warning  'best_reg_fit' is not defined           no-undef
  38:42   warning  'ro' is not defined                     no-undef
  39:42   warning  'rt' is not defined                     no-undef
  40:5    warning  'best_reg_fit' is not defined           no-undef
  42:10   warning  'start_act3' is defined but never used  no-unused-vars
  45:20   warning  'get_collapse_btn_text' is not defined  no-undef
  56:21   warning  'ro' is not defined                     no-undef
  56:40   warning  'rt' is not defined                     no-undef
  62:22   warning  'MathJax' is not defined                no-undef
  63:5    warning  'maindiv' is not defined                no-undef
  66:28   warning  'Question_Options' is not defined       no-undef
  66:107  warning  'best_reg_fit' is not defined           no-undef
  68:5    warning  'hide_all_steps' is not defined         no-undef
  70:9    warning  'show_step' is not defined              no-undef

/home/runner/work/exp-ordinary-least-squares-iitb/exp-ordinary-least-squares-iitb/experiment/simulation/js/data.js
    5:5  warning  'x' is assigned a value but never used                     no-unused-vars
    9:5  warning  'Y' is assigned a value but never used                     no-unused-vars
   31:5  warning  'beta0' is assigned a value but never used                 no-unused-vars
   32:5  warning  'beta1' is assigned a value but never used                 no-unused-vars
   33:5  warning  'beta_cap' is assigned a value but never used              no-unused-vars
   34:5  warning  'beta_cap0' is assigned a value but never used             no-unused-vars
   35:5  warning  'beta_cap1' is assigned a value but never used             no-unused-vars
   36:5  warning  'x0' is assigned a value but never used                    no-unused-vars
   37:5  warning  'Y0' is assigned a value but never used                    no-unused-vars
   45:5  warning  'epsilon1' is assigned a value but never used              no-unused-vars
   54:5  warning  'epsilon2' is assigned a value but never used              no-unused-vars
   63:5  warning  'X' is assigned a value but never used                     no-unused-vars
   85:5  warning  'XT' is assigned a value but never used                    no-unused-vars
   92:5  warning  'XT_X' is assigned a value but never used                  no-unused-vars
   96:5  warning  'XT_X_1' is assigned a value but never used                no-unused-vars
  100:5  warning  'XT_X_1_XT' is assigned a value but never used             no-unused-vars
  112:5  warning  'act1_table_data_1' is assigned a value but never used     no-unused-vars
  113:5  warning  'act1_table_data_2' is assigned a value but never used     no-unused-vars
  137:5  warning  'Sxx' is assigned a value but never used                   no-unused-vars
  138:5  warning  'Syy' is assigned a value but never used                   no-unused-vars
  139:5  warning  'Sxy' is assigned a value but never used                   no-unused-vars
  140:5  warning  'SSr' is assigned a value but never used                   no-unused-vars
  141:5  warning  'MRes' is assigned a value but never used                  no-unused-vars
  142:5  warning  'x_bar_val' is assigned a value but never used             no-unused-vars
  143:5  warning  'Y_bar_val' is assigned a value but never used             no-unused-vars
  144:5  warning  'y_dash' is assigned a value but never used                no-unused-vars
  150:5  warning  'ro2' is assigned a value but never used                   no-unused-vars
  151:5  warning  'ro' is assigned a value but never used                    no-unused-vars
  152:5  warning  'act1_p6_table_data_1' is assigned a value but never used  no-unused-vars
  236:5  warning  'x_a2' is assigned a value but never used                  no-unused-vars
  240:5  warning  'Y_a2' is assigned a value but never used                  no-unused-vars
  262:5  warning  'beta0_a2' is assigned a value but never used              no-unused-vars
  263:5  warning  'beta1_a2' is assigned a value but never used              no-unused-vars
  266:5  warning  'x_bar_val_a2' is assigned a value but never used          no-unused-vars
  267:5  warning  'Y_bar_val_a2' is assigned a value but never used          no-unused-vars
  268:5  warning  'Sxx_a2' is assigned a value but never used                no-unused-vars
  269:5  warning  'Syy_a2' is assigned a value but never used                no-unused-vars
  270:5  warning  'Sxy_a2' is assigned a value but never used                no-unused-vars
  271:5  warning  'var_x' is assigned a value but never used                 no-unused-vars
  272:5  warning  'var_Y' is assigned a value but never used                 no-unused-vars
  273:5  warning  'cov' is assigned a value but never used                   no-unused-vars
  274:5  warning  'x0_a2' is assigned a value but never used                 no-unused-vars
  275:5  warning  'epsilon1_a2' is assigned a value but never used           no-unused-vars
  284:5  warning  'epsilon2_a2' is assigned a value but never used           no-unused-vars
  293:5  warning  'act2_table_data_1' is assigned a value but never used     no-unused-vars
  375:5  warning  'S' is assigned a value but never used                     no-unused-vars
  379:5  warning  'tra_s' is assigned a value but never used                 no-unused-vars
  380:5  warning  'det_s' is assigned a value but never used                 no-unused-vars
  383:5  warning  'lambda_min' is assigned a value but never used            no-unused-vars
  384:5  warning  'S_lambdaMinI' is assigned a value but never used          no-unused-vars
  388:5  warning  'v1' is assigned a value but never used                    no-unused-vars
  389:5  warning  'v2' is assigned a value but never used                    no-unused-vars
  390:5  warning  'beta_t1' is assigned a value but never used               no-unused-vars
  391:5  warning  'beta_t0' is assigned a value but never used               no-unused-vars
  392:5  warning  'act2_p4_table_data_1' is assigned a value but never used  no-unused-vars
  414:5  warning  'SSr_a2' is assigned a value but never used                no-unused-vars
  415:5  warning  'MRes_a2' is assigned a value but never used               no-unused-vars
  416:5  warning  'y_dash_a2' is assigned a value but never used             no-unused-vars
  424:5  warning  'rt2' is assigned a value but never used                   no-unused-vars
  425:5  warning  'rt' is assigned a value but never used                    no-unused-vars
  427:5  warning  'best_reg_fit' is assigned a value but never used          no-unused-vars

✖ 792 problems (0 errors, 792 warnings)

